
============================================================

============================================================
============================================================

FETCH TRAIN DATA - START

============================================================
============================================================

============================================================


============================================================
============================================================
============================================================

🚂 HÄMTAR TÅGDATA FRÅN TRAFIKVERKET

============================================================
============================================================
============================================================

📅 Period: senaste 3 dagar (exkl. idag)

📅 Hämtar data för 2025-10-20
   [01/24] Hämtar 00:00–01:00... 2 rader
   [02/24] Hämtar 01:00–02:00... 0 rader
   [03/24] Hämtar 02:00–03:00... 0 rader
   [04/24] Hämtar 03:00–04:00... 0 rader
   [05/24] Hämtar 04:00–05:00... 0 rader
   [06/24] Hämtar 05:00–06:00... 1 rader
   [07/24] Hämtar 06:00–07:00... 4 rader
   [08/24] Hämtar 07:00–08:00... 7 rader
   [09/24] Hämtar 08:00–09:00... 3 rader
   [10/24] Hämtar 09:00–10:00... 5 rader
   [11/24] Hämtar 10:00–11:00... 1 rader
   [12/24] Hämtar 11:00–12:00... 1 rader
   [13/24] Hämtar 12:00–13:00... 12 rader
   [14/24] Hämtar 13:00–14:00... 7 rader
   [15/24] Hämtar 14:00–15:00... 6 rader
   [16/24] Hämtar 15:00–16:00... 6 rader
   [17/24] Hämtar 16:00–17:00... 23 rader
   [18/24] Hämtar 17:00–18:00... 23 rader
   [19/24] Hämtar 18:00–19:00... 27 rader
   [20/24] Hämtar 19:00–20:00... 24 rader
   [21/24] Hämtar 20:00–21:00... 5 rader
   [22/24] Hämtar 21:00–22:00... 12 rader
   [23/24] Hämtar 22:00–23:00... 5 rader
   [24/24] Hämtar 23:00–00:00... 9 rader
✅ Totalt 183 rader för 2025-10-20
📊 Separering: 178 departures, 5 arrivals
✅ Sparad till Azure: raw/departures_20251020.parquet (178 rader)
✅ Sparad till Azure: raw/arrivals_20251020.parquet (5 rader)

📅 Hämtar data för 2025-10-21
   [01/24] Hämtar 00:00–01:00... 334 rader
   [02/24] Hämtar 01:00–02:00... 297 rader
   [03/24] Hämtar 02:00–03:00... 117 rader
   [04/24] Hämtar 03:00–04:00... 148 rader
   [05/24] Hämtar 04:00–05:00... 893 rader
   [06/24] Hämtar 05:00–06:00... 3,927 rader
   [07/24] Hämtar 06:00–07:00... 6,560 rader
   [08/24] Hämtar 07:00–08:00... 7,381 rader
   [09/24] Hämtar 08:00–09:00... 7,099 rader
   [10/24] Hämtar 09:00–10:00... 6,281 rader
   [11/24] Hämtar 10:00–11:00... 5,552 rader
   [12/24] Hämtar 11:00–12:00... 5,572 rader
   [13/24] Hämtar 12:00–13:00... 5,525 rader
   [14/24] Hämtar 13:00–14:00... 5,697 rader
   [15/24] Hämtar 14:00–15:00... 6,060 rader
   [16/24] Hämtar 15:00–16:00... 6,727 rader
   [17/24] Hämtar 16:00–17:00... 7,366 rader
   [18/24] Hämtar 17:00–18:00... 7,510 rader
   [19/24] Hämtar 18:00–19:00... 6,896 rader
   [20/24] Hämtar 19:00–20:00... 5,884 rader
   [21/24] Hämtar 20:00–21:00... 5,343 rader
   [22/24] Hämtar 21:00–22:00... 4,718 rader
   [23/24] Hämtar 22:00–23:00... 3,865 rader
   [24/24] Hämtar 23:00–00:00... 2,842 rader
✅ Totalt 112,594 rader för 2025-10-21
📊 Separering: 77,115 departures, 35,479 arrivals
✅ Sparad till Azure: raw/departures_20251021.parquet (77,115 rader)
✅ Sparad till Azure: raw/arrivals_20251021.parquet (35,479 rader)

📅 Hämtar data för 2025-10-22
   [01/24] Hämtar 00:00–01:00... 1,577 rader
   [02/24] Hämtar 01:00–02:00... 424 rader
   [03/24] Hämtar 02:00–03:00... 135 rader
   [04/24] Hämtar 03:00–04:00... 160 rader
   [05/24] Hämtar 04:00–05:00... 902 rader
   [06/24] Hämtar 05:00–06:00... 3,922 rader
   [07/24] Hämtar 06:00–07:00... 6,539 rader
   [08/24] Hämtar 07:00–08:00... 7,311 rader
   [09/24] Hämtar 08:00–09:00... 7,074 rader
   [10/24] Hämtar 09:00–10:00... 6,310 rader
   [11/24] Hämtar 10:00–11:00... 5,577 rader
   [12/24] Hämtar 11:00–12:00... 5,584 rader
   [13/24] Hämtar 12:00–13:00... 5,531 rader
   [14/24] Hämtar 13:00–14:00... 5,683 rader
   [15/24] Hämtar 14:00–15:00... 6,032 rader
   [16/24] Hämtar 15:00–16:00... 6,710 rader
   [17/24] Hämtar 16:00–17:00... 7,362 rader
   [18/24] Hämtar 17:00–18:00... 7,504 rader
   [19/24] Hämtar 18:00–19:00... 6,902 rader
   [20/24] Hämtar 19:00–20:00... 5,892 rader
   [21/24] Hämtar 20:00–21:00... 5,362 rader
   [22/24] Hämtar 21:00–22:00... 4,714 rader
   [23/24] Hämtar 22:00–23:00... 3,840 rader
   [24/24] Hämtar 23:00–00:00... 2,823 rader
✅ Totalt 113,870 rader för 2025-10-22
📊 Separering: 77,901 departures, 35,969 arrivals
✅ Sparad till Azure: raw/departures_20251022.parquet (77,901 rader)
✅ Sparad till Azure: raw/arrivals_20251022.parquet (35,969 rader)

============================================================

============================================================
============================================================

📊 SAMMANFATTNING

============================================================
============================================================
============================================================

2025-10-20: ✅ Dep | ✅ Arr | 183 rader
2025-10-21: ✅ Dep | ✅ Arr | 112,594 rader
2025-10-22: ✅ Dep | ✅ Arr | 113,870 rader

✅ Lyckades: 3/3 dagar

============================================================
============================================================
============================================================

✅ ✅ FETCH KLART!

============================================================
============================================================

============================================================

