
============================================================
============================================================
============================================================

🚂 HÄMTA PLANERAD DATA - START

============================================================
============================================================

============================================================

📅 Hämtar planerad data för: 2025-10-23
   Tidsintervall (UTC): 2025-10-22T22:00:00Z → 2025-10-23T22:00:00Z

📥 Hämtar Arrivals...
   Hämtar Ankomst för 2025-10-22T22:00:00Z → 2025-10-23T22:00:00Z
   ✅ 34478 poster hämtade
   ✅ Sparad till Azure: raw/planned/arrivals_2025-10-23.json

📥 Hämtar Departures...
   Hämtar Avgang för 2025-10-22T22:00:00Z → 2025-10-23T22:00:00Z
   ✅ 34484 poster hämtade
   ✅ Sparad till Azure: raw/planned/departures_2025-10-23.json

============================================================

============================================================
============================================================

📊 SAMMANFATTNING

============================================================
============================================================
============================================================

✅ Arrivals:   raw/planned/arrivals_2025-10-23.json
✅ Departures: raw/planned/departures_2025-10-23.json
📅 Datum:      2025-10-23

============================================================
============================================================
============================================================

✅ ✅ FETCH PLANNED KLART!

============================================================
============================================================

============================================================

