
============================================================

============================================================
============================================================


============================================================
 TÅGDATA PRODUCTION PIPELINE
============================================================


============================================================
============================================================
============================================================

Starttid: 2025-10-23 09:00:18

Mode: Kör endast TRANSFORM-PLANNED


============================================================
============================================================
============================================================

STEG: 4/5 - TRANSFORMERA PLANERAD DATA

============================================================
============================================================

============================================================


============================================================
============================================================
============================================================

 TRANSFORM PLANNED TO CURATED - START

============================================================
============================================================

============================================================

 Läser planned-filer...
    Inläst arrivals: 34515 rader från raw/planned/arrivals_2025-10-24.json
    Inläst departures: 34513 rader från raw/planned/departures_2025-10-24.json

 Råposter: arrivals=34515, departures=34513

🧹 Deduplikerar...
   🧹 Deduplikering: 34515 → 34515 (ActivityId) → 34487 (Train/Loc/Time)
   🧹 Deduplikering: 34513 → 34513 (ActivityId) → 34486 (Train/Loc/Time)

 Bygger resor...
    3713 resor skapade

 Beräknar avstånd...
    distance_km beräknad för 100.0% av resorna
   🧹 Filtrerade bort 1 resor med orimlig varaktighet

============================================================

============================================================
============================================================

 STATISTIK

============================================================
============================================================
============================================================

Antal resor: 3,712
Andel med any_canceled=1: 0.6%
Duration (min): min=0.0, median=64.0, max=1265.0

Topp 10 start→slut:
   CST→ARNN: 90
   ARNN→CST: 88
   MR→SÖC: 68
   SÖC→MR: 66
   KB→G: 60
   G→KB: 60
   ÄN→G: 52
   G→ÄN: 51
   HIE→HB: 43
   HB→HIE: 42

============================================================

============================================================
============================================================

 SPARAR TILL AZURE

============================================================
============================================================
============================================================

    Sparad: curated/planned/trips_planned_2025-10-24.parquet
    Sparad: curated/planned/trips_planned_latest.parquet

============================================================
============================================================
============================================================

✅  TRANSFORM PLANNED KLART!

============================================================
============================================================

============================================================

✅ 
✅ 4/5 - TRANSFORMERA PLANERAD DATA SLUTFÖRT
