
============================================================

============================================================
============================================================


============================================================
 TÅGDATA PRODUCTION PIPELINE
============================================================


============================================================
============================================================
============================================================

Starttid: 2025-10-23 10:22:48

Mode: Kör endast FETCH


============================================================
============================================================
============================================================

STEG: 1/5 - HÄMTA DATA FRÅN API

============================================================
============================================================

============================================================

✅ 
✅ 1/5 - HÄMTA DATA FRÅN API SLUTFÖRT
