
============================================================

============================================================
============================================================


============================================================
🚂 TÅGDATA PRODUCTION PIPELINE
============================================================


============================================================
============================================================
============================================================

Starttid: 2025-10-22 15:58:45

Mode: Full pipeline (3 steg)


============================================================
============================================================
============================================================

🚀 STEG: 1/3 - HÄMTA DATA FRÅN API

============================================================
============================================================

============================================================


============================================================

============================================================
============================================================

FETCH TRAIN DATA - START

============================================================
============================================================

============================================================


============================================================
============================================================
============================================================

🚂 HÄMTAR TÅGDATA FRÅN TRAFIKVERKET

============================================================
============================================================
============================================================

📅 Period: senaste 3 dagar (exkl. idag)

📅 Hämtar data för 2025-10-19
   [01/24] Hämtar 00:00–01:00... 0 rader
   [02/24] Hämtar 01:00–02:00... 0 rader
   [03/24] Hämtar 02:00–03:00... 0 rader
   [04/24] Hämtar 03:00–04:00... 0 rader
   [05/24] Hämtar 04:00–05:00... 0 rader
   [06/24] Hämtar 05:00–06:00... 0 rader
   [07/24] Hämtar 06:00–07:00... 0 rader
   [08/24] Hämtar 07:00–08:00... 0 rader
   [09/24] Hämtar 08:00–09:00... 1 rader
   [10/24] Hämtar 09:00–10:00... 1 rader
   [11/24] Hämtar 10:00–11:00... 0 rader
   [12/24] Hämtar 11:00–12:00... 1 rader
   [13/24] Hämtar 12:00–13:00... 9 rader
   [14/24] Hämtar 13:00–14:00... 6 rader
   [15/24] Hämtar 14:00–15:00... 7 rader
   [16/24] Hämtar 15:00–16:00... 4 rader
   [17/24] Hämtar 16:00–17:00... 1 rader
   [18/24] Hämtar 17:00–18:00... 7 rader
   [19/24] Hämtar 18:00–19:00... 5 rader
   [20/24] Hämtar 19:00–20:00... 2 rader
