
============================================================

============================================================
============================================================


============================================================
 TÅGDATA PRODUCTION PIPELINE
============================================================


============================================================
============================================================
============================================================

Starttid: 2025-10-23 08:55:24

Mode: Kör endast FETCH-PLANNED


============================================================
============================================================
============================================================

STEG: 2/5 - HÄMTA PLANERAD DATA FRÅN API

============================================================
============================================================

============================================================


============================================================
============================================================
============================================================

🚂 HÄMTA PLANERAD DATA - START

============================================================
============================================================

============================================================

📅 Hämtar planerad data för: 2025-10-24
   Tidsintervall (UTC): 2025-10-23T22:00:00Z → 2025-10-24T22:00:00Z

📥 Hämtar Arrivals...
   Hämtar Ankomst för 2025-10-23T22:00:00Z → 2025-10-24T22:00:00Z
   ✅ 34515 poster hämtade
   ✅ Sparad till Azure: raw/planned/arrivals_2025-10-24.json

📥 Hämtar Departures...
   Hämtar Avgang för 2025-10-23T22:00:00Z → 2025-10-24T22:00:00Z
   ✅ 34513 poster hämtade
   ✅ Sparad till Azure: raw/planned/departures_2025-10-24.json

============================================================

============================================================
============================================================

📊 SAMMANFATTNING

============================================================
============================================================
============================================================

✅ Arrivals:   raw/planned/arrivals_2025-10-24.json
✅ Departures: raw/planned/departures_2025-10-24.json
📅 Datum:      2025-10-24

============================================================
============================================================
============================================================

✅ ✅ FETCH PLANNED KLART!

============================================================
============================================================

============================================================

✅ 
✅ 2/5 - HÄMTA PLANERAD DATA FRÅN API SLUTFÖRT
