
============================================================
============================================================
============================================================

 TRANSFORM PLANNED TO CURATED - START

============================================================
============================================================

============================================================

 Läser planned-filer...
    Inläst arrivals: 34478 rader från raw/planned/arrivals_2025-10-23.json
    Inläst departures: 34484 rader från raw/planned/departures_2025-10-23.json

 Råposter: arrivals=34478, departures=34484

🧹 Deduplikerar...
   🧹 Deduplikering: 34478 → 34478 (ActivityId) → 34478 (Train/Loc/Time)
   🧹 Deduplikering: 34484 → 34484 (ActivityId) → 34484 (Train/Loc/Time)

 Bygger resor...
    3615 resor skapade

 Beräknar avstånd...
    distance_km beräknad för 100.0% av resorna
   🧹 Filtrerade bort 1 resor med orimlig varaktighet

============================================================

============================================================
============================================================

 STATISTIK

============================================================
============================================================
============================================================

Antal resor: 3,614
Andel med any_canceled=1: 0.3%
Duration (min): min=0.0, median=67.0, max=1290.0

Topp 10 start→slut:
   CST→ARNN: 89
   ARNN→CST: 88
   MR→SÖC: 68
   SÖC→MR: 66
   KB→G: 60
   G→KB: 60
   ÄN→G: 51
   G→ÄN: 49
   HIE→HB: 43
   HB→HIE: 41

============================================================

============================================================
============================================================

 SPARAR TILL AZURE

============================================================
============================================================
============================================================

    Sparad: curated/planned/trips_planned_2025-10-23.parquet
    Sparad: curated/planned/trips_planned_latest.parquet

============================================================
============================================================
============================================================

✅  TRANSFORM PLANNED KLART!

============================================================
============================================================

============================================================

